{"name":"Test","status":"broken","statusDetails":{"known":false,"muted":false,"flaky":false,"message":"no such element: Unable to locate element: {\"method\":\"xpath\",\"selector\":\"//a[@role = 'button' and contains(@href, 'Heritage Hotel Krone')]\"}\n  (Session info: chrome=96.0.4664.110)\nFor documentation on this error, please visit: https://www.seleniumhq.org/exceptions/no_such_element.html\nBuild info: version: '3.141.59', revision: 'e82be7d358', time: '2018-11-14T08:17:03'\nSystem info: host: 'Suzanas-MacBook-Pro.local', ip: 'fe80:0:0:0:405:1176:961b:1e45%en0', os.name: 'Mac OS X', os.arch: 'x86_64', os.version: '10.16', java.version: '1.8.0_212'\nDriver info: org.openqa.selenium.chrome.ChromeDriver\nCapabilities {acceptInsecureCerts: false, browserName: chrome, browserVersion: 96.0.4664.110, chrome: {chromedriverVersion: 95.0.4638.69 (6a1600ed572fe..., userDataDir: /var/folders/cx/pcs11nv11k3...}, goog:chromeOptions: {debuggerAddress: localhost:55575}, javascriptEnabled: true, networkConnectionEnabled: false, pageLoadStrategy: normal, platform: MAC, platformName: MAC, proxy: Proxy(), setWindowRect: true, strictFileInteractability: false, timeouts: {implicit: 0, pageLoad: 300000, script: 30000}, unhandledPromptBehavior: dismiss and notify, webauthn:extension:credBlob: true, webauthn:extension:largeBlob: true, webauthn:virtualAuthenticators: true}\nSession ID: 7a7bf99c34bbb7dbb89378b8bf37ab2d\n*** Element info: {Using=xpath, value=//a[@role = 'button' and contains(@href, 'Heritage Hotel Krone')]}","trace":"org.openqa.selenium.NoSuchElementException: no such element: Unable to locate element: {\"method\":\"xpath\",\"selector\":\"//a[@role = 'button' and contains(@href, 'Heritage Hotel Krone')]\"}\n  (Session info: chrome=96.0.4664.110)\nFor documentation on this error, please visit: https://www.seleniumhq.org/exceptions/no_such_element.html\nBuild info: version: '3.141.59', revision: 'e82be7d358', time: '2018-11-14T08:17:03'\nSystem info: host: 'Suzanas-MacBook-Pro.local', ip: 'fe80:0:0:0:405:1176:961b:1e45%en0', os.name: 'Mac OS X', os.arch: 'x86_64', os.version: '10.16', java.version: '1.8.0_212'\nDriver info: org.openqa.selenium.chrome.ChromeDriver\nCapabilities {acceptInsecureCerts: false, browserName: chrome, browserVersion: 96.0.4664.110, chrome: {chromedriverVersion: 95.0.4638.69 (6a1600ed572fe..., userDataDir: /var/folders/cx/pcs11nv11k3...}, goog:chromeOptions: {debuggerAddress: localhost:55575}, javascriptEnabled: true, networkConnectionEnabled: false, pageLoadStrategy: normal, platform: MAC, platformName: MAC, proxy: Proxy(), setWindowRect: true, strictFileInteractability: false, timeouts: {implicit: 0, pageLoad: 300000, script: 30000}, unhandledPromptBehavior: dismiss and notify, webauthn:extension:credBlob: true, webauthn:extension:largeBlob: true, webauthn:virtualAuthenticators: true}\nSession ID: 7a7bf99c34bbb7dbb89378b8bf37ab2d\n*** Element info: {Using=xpath, value=//a[@role = 'button' and contains(@href, 'Heritage Hotel Krone')]}\n\tat sun.reflect.NativeConstructorAccessorImpl.newInstance0(Native Method)\n\tat sun.reflect.NativeConstructorAccessorImpl.newInstance(NativeConstructorAccessorImpl.java:62)\n\tat sun.reflect.DelegatingConstructorAccessorImpl.newInstance(DelegatingConstructorAccessorImpl.java:45)\n\tat java.lang.reflect.Constructor.newInstance(Constructor.java:423)\n\tat org.openqa.selenium.remote.http.W3CHttpResponseCodec.createException(W3CHttpResponseCodec.java:187)\n\tat org.openqa.selenium.remote.http.W3CHttpResponseCodec.decode(W3CHttpResponseCodec.java:122)\n\tat org.openqa.selenium.remote.http.W3CHttpResponseCodec.decode(W3CHttpResponseCodec.java:49)\n\tat org.openqa.selenium.remote.HttpCommandExecutor.execute(HttpCommandExecutor.java:158)\n\tat org.openqa.selenium.remote.service.DriverCommandExecutor.execute(DriverCommandExecutor.java:83)\n\tat org.openqa.selenium.remote.RemoteWebDriver.execute(RemoteWebDriver.java:552)\n\tat org.openqa.selenium.remote.RemoteWebDriver.findElement(RemoteWebDriver.java:323)\n\tat org.openqa.selenium.remote.RemoteWebDriver.findElementByXPath(RemoteWebDriver.java:428)\n\tat org.openqa.selenium.By$ByXPath.findElement(By.java:353)\n\tat org.openqa.selenium.remote.RemoteWebDriver.findElement(RemoteWebDriver.java:315)\n\tat pages.SearchResultsPage.chooseHotel(SearchResultsPage.java:48)\n\tat steps.BookingSteps.iChooseHotel(BookingSteps.java:91)\n\tat ✽.I choose \"Heritage Hotel Krone\" hotel(file:///Users/suzanapapazov/Desktop/Aut%20projekti/QAItive_FinalAssignment/src/test/java/features/Booking.feature:13)\n"},"stage":"finished","steps":[{"name":"Given  I am on booking home page","status":"passed","statusDetails":{"known":false,"muted":false,"flaky":false},"stage":"finished","steps":[],"attachments":[],"parameters":[],"start":1640086037674,"stop":1640086040516},{"name":"When  I change language to \"Srpski\"","status":"passed","statusDetails":{"known":false,"muted":false,"flaky":false},"stage":"finished","steps":[],"attachments":[],"parameters":[],"start":1640086040517,"stop":1640086045330},{"name":"And  I add destination \"Jahorina\"","status":"passed","statusDetails":{"known":false,"muted":false,"flaky":false},"stage":"finished","steps":[],"attachments":[],"parameters":[],"start":1640086045330,"stop":1640086046564},{"name":"And  I add start and end date \"14 januar 2022\" \"22 januar 2022\"","status":"passed","statusDetails":{"known":false,"muted":false,"flaky":false},"stage":"finished","steps":[],"attachments":[],"parameters":[],"start":1640086046564,"stop":1640086047479},{"name":"And  I set two children with \"4\" and \"1\" year old","status":"passed","statusDetails":{"known":false,"muted":false,"flaky":false},"stage":"finished","steps":[],"attachments":[],"parameters":[],"start":1640086047479,"stop":1640086048783},{"name":"And  I click Submit button","status":"passed","statusDetails":{"known":false,"muted":false,"flaky":false},"stage":"finished","steps":[],"attachments":[],"parameters":[],"start":1640086048783,"stop":1640086053671},{"name":"And  I validate Search results \"Jahorina\" \"14. januar 2022\" \"22. januar 2022\"","status":"passed","statusDetails":{"known":false,"muted":false,"flaky":false},"stage":"finished","steps":[],"attachments":[],"parameters":[],"start":1640086053671,"stop":1640086054553},{"name":"And  I validate \"2\" adults and \"2\" children and \"1\" room is chosen","status":"passed","statusDetails":{"known":false,"muted":false,"flaky":false},"stage":"finished","steps":[],"attachments":[],"parameters":[],"start":1640086054553,"stop":1640086054798},{"name":"And  I choose filter by \"Doručak i večera uključeni\"","status":"passed","statusDetails":{"known":false,"muted":false,"flaky":false},"stage":"finished","steps":[],"attachments":[],"parameters":[],"start":1640086054798,"stop":1640086055379},{"name":"Then  I choose \"Heritage Hotel Krone\" hotel","status":"broken","statusDetails":{"known":false,"muted":false,"flaky":false,"message":"no such element: Unable to locate element: {\"method\":\"xpath\",\"selector\":\"//a[@role = 'button' and contains(@href, 'Heritage Hotel Krone')]\"}\n  (Session info: chrome=96.0.4664.110)\nFor documentation on this error, please visit: https://www.seleniumhq.org/exceptions/no_such_element.html\nBuild info: version: '3.141.59', revision: 'e82be7d358', time: '2018-11-14T08:17:03'\nSystem info: host: 'Suzanas-MacBook-Pro.local', ip: 'fe80:0:0:0:405:1176:961b:1e45%en0', os.name: 'Mac OS X', os.arch: 'x86_64', os.version: '10.16', java.version: '1.8.0_212'\nDriver info: org.openqa.selenium.chrome.ChromeDriver\nCapabilities {acceptInsecureCerts: false, browserName: chrome, browserVersion: 96.0.4664.110, chrome: {chromedriverVersion: 95.0.4638.69 (6a1600ed572fe..., userDataDir: /var/folders/cx/pcs11nv11k3...}, goog:chromeOptions: {debuggerAddress: localhost:55575}, javascriptEnabled: true, networkConnectionEnabled: false, pageLoadStrategy: normal, platform: MAC, platformName: MAC, proxy: Proxy(), setWindowRect: true, strictFileInteractability: false, timeouts: {implicit: 0, pageLoad: 300000, script: 30000}, unhandledPromptBehavior: dismiss and notify, webauthn:extension:credBlob: true, webauthn:extension:largeBlob: true, webauthn:virtualAuthenticators: true}\nSession ID: 7a7bf99c34bbb7dbb89378b8bf37ab2d\n*** Element info: {Using=xpath, value=//a[@role = 'button' and contains(@href, 'Heritage Hotel Krone')]}","trace":"org.openqa.selenium.NoSuchElementException: no such element: Unable to locate element: {\"method\":\"xpath\",\"selector\":\"//a[@role = 'button' and contains(@href, 'Heritage Hotel Krone')]\"}\n  (Session info: chrome=96.0.4664.110)\nFor documentation on this error, please visit: https://www.seleniumhq.org/exceptions/no_such_element.html\nBuild info: version: '3.141.59', revision: 'e82be7d358', time: '2018-11-14T08:17:03'\nSystem info: host: 'Suzanas-MacBook-Pro.local', ip: 'fe80:0:0:0:405:1176:961b:1e45%en0', os.name: 'Mac OS X', os.arch: 'x86_64', os.version: '10.16', java.version: '1.8.0_212'\nDriver info: org.openqa.selenium.chrome.ChromeDriver\nCapabilities {acceptInsecureCerts: false, browserName: chrome, browserVersion: 96.0.4664.110, chrome: {chromedriverVersion: 95.0.4638.69 (6a1600ed572fe..., userDataDir: /var/folders/cx/pcs11nv11k3...}, goog:chromeOptions: {debuggerAddress: localhost:55575}, javascriptEnabled: true, networkConnectionEnabled: false, pageLoadStrategy: normal, platform: MAC, platformName: MAC, proxy: Proxy(), setWindowRect: true, strictFileInteractability: false, timeouts: {implicit: 0, pageLoad: 300000, script: 30000}, unhandledPromptBehavior: dismiss and notify, webauthn:extension:credBlob: true, webauthn:extension:largeBlob: true, webauthn:virtualAuthenticators: true}\nSession ID: 7a7bf99c34bbb7dbb89378b8bf37ab2d\n*** Element info: {Using=xpath, value=//a[@role = 'button' and contains(@href, 'Heritage Hotel Krone')]}\n\tat sun.reflect.NativeConstructorAccessorImpl.newInstance0(Native Method)\n\tat sun.reflect.NativeConstructorAccessorImpl.newInstance(NativeConstructorAccessorImpl.java:62)\n\tat sun.reflect.DelegatingConstructorAccessorImpl.newInstance(DelegatingConstructorAccessorImpl.java:45)\n\tat java.lang.reflect.Constructor.newInstance(Constructor.java:423)\n\tat org.openqa.selenium.remote.http.W3CHttpResponseCodec.createException(W3CHttpResponseCodec.java:187)\n\tat org.openqa.selenium.remote.http.W3CHttpResponseCodec.decode(W3CHttpResponseCodec.java:122)\n\tat org.openqa.selenium.remote.http.W3CHttpResponseCodec.decode(W3CHttpResponseCodec.java:49)\n\tat org.openqa.selenium.remote.HttpCommandExecutor.execute(HttpCommandExecutor.java:158)\n\tat org.openqa.selenium.remote.service.DriverCommandExecutor.execute(DriverCommandExecutor.java:83)\n\tat org.openqa.selenium.remote.RemoteWebDriver.execute(RemoteWebDriver.java:552)\n\tat org.openqa.selenium.remote.RemoteWebDriver.findElement(RemoteWebDriver.java:323)\n\tat org.openqa.selenium.remote.RemoteWebDriver.findElementByXPath(RemoteWebDriver.java:428)\n\tat org.openqa.selenium.By$ByXPath.findElement(By.java:353)\n\tat org.openqa.selenium.remote.RemoteWebDriver.findElement(RemoteWebDriver.java:315)\n\tat pages.SearchResultsPage.chooseHotel(SearchResultsPage.java:48)\n\tat steps.BookingSteps.iChooseHotel(BookingSteps.java:91)\n\tat ✽.I choose \"Heritage Hotel Krone\" hotel(file:///Users/suzanapapazov/Desktop/Aut%20projekti/QAItive_FinalAssignment/src/test/java/features/Booking.feature:13)\n"},"stage":"finished","steps":[],"attachments":[],"parameters":[],"start":1640086055379,"stop":1640086085511},{"name":"And  validate that \"Heritage Hotel Krone\" hotel is opened","status":"skipped","statusDetails":{"known":false,"muted":false,"flaky":false},"stage":"finished","steps":[],"attachments":[],"parameters":[],"start":1640086085512,"stop":1640086085513}],"attachments":[],"parameters":[],"start":1640086034072,"stop":1640086086359,"uuid":"6a6d676d-4721-49cd-a004-e22cf66e1240","historyId":"8feb78e10f029b5fc59a7763a30e290b","fullName":"Test: Test","labels":[{"name":"host","value":"Suzanas-MacBook-Pro.local"},{"name":"thread","value":"3946@Suzanas-MacBook-Pro.local.PoolService-0(12)"},{"name":"feature","value":"Test"},{"name":"story","value":"Test"},{"name":"suite","value":"Test"},{"name":"testClass","value":"Test"},{"name":"framework","value":"cucumber4jvm"},{"name":"language","value":"java"},{"name":"gherkin_uri","value":"file:///Users/suzanapapazov/Desktop/Aut%20projekti/QAItive_FinalAssignment/src/test/java/features/Booking.feature"},{"name":"package","value":"src.test.java.features.Booking_feature.Test"}],"links":[]}